<?xml version="1.0" encoding="UTF-8"?>
<testsuite xmlns:xsi="http://www.w3.org/2001/XMLSchema-instance" xsi:noNamespaceSchemaLocation="https://maven.apache.org/surefire/maven-surefire-plugin/xsd/surefire-test-report-3.0.xsd" version="3.0" name="com.example.retoCodificacion.RetoCodificacionApplicationTests" time="18.99" tests="1" errors="0" skipped="0" failures="0">
  <properties>
[...]
</properties>
  <testcase name="contextLoads" classname="com.example.retoCodificacion.RetoCodificacionApplicationTests" time="0.038">
    <system-out><![CDATA[16:03:02.102 [main] INFO org.springframework.test.context.support.AnnotationConfigContextLoaderUtils -- Could not detect default configuration classes for test class [com.example.retoCodificacion.RetoCodificacionApplicationTests]: RetoCodificacionApplicationTests does not declare any static, non-private, non-final, nested classes annotated with @Configuration.
16:03:02.275 [main] INFO org.springframework.boot.test.context.SpringBootTestContextBootstrapper -- Found @SpringBootConfiguration com.example.retoCodificacion.RetoCodificacionApplication for test class com.example.retoCodificacion.RetoCodificacionApplicationTests

  .   ____          _            __ _ _
 /\\ / ___'_ __ _ _(_)_ __  __ _ \ \ \ \
( ( )\___ | '_ | '_| | '_ \/ _` | \ \ \ \
 \\/  ___)| |_)| | | | | || (_| |  ) ) ) )
  '  |____| .__|_| |_|_| |_\__, | / / / /
 =========|_|==============|___/=/_/_/_/
 :: Spring Boot ::                (v3.1.2)

2024-12-17T16:03:02.876-03:00  INFO 4219 --- [           main] c.e.r.RetoCodificacionApplicationTests   : Starting RetoCodificacionApplicationTests using Java 17.0.12 with PID 4219 (started by macbookair in /Users/macbookair/Desktop/retoCodificacion)
2024-12-17T16:03:02.878-03:00  INFO 4219 --- [           main] c.e.r.RetoCodificacionApplicationTests   : No active profile set, falling back to 1 default profile: "default"
2024-12-17T16:03:04.270-03:00  INFO 4219 --- [           main] .s.d.r.c.RepositoryConfigurationDelegate : Bootstrapping Spring Data JPA repositories in DEFAULT mode.
2024-12-17T16:03:04.398-03:00  INFO 4219 --- [           main] .s.d.r.c.RepositoryConfigurationDelegate : Finished Spring Data repository scanning in 103 ms. Found 1 JPA repository interfaces.
2024-12-17T16:03:05.306-03:00  INFO 4219 --- [           main] o.f.c.internal.license.VersionPrinter    : Flyway Community Edition 9.16.3 by Redgate
2024-12-17T16:03:05.306-03:00  INFO 4219 --- [           main] o.f.c.internal.license.VersionPrinter    : See release notes here: https://rd.gt/416ObMi
2024-12-17T16:03:05.307-03:00  INFO 4219 --- [           main] o.f.c.internal.license.VersionPrinter    : 
2024-12-17T16:03:05.325-03:00  INFO 4219 --- [           main] com.zaxxer.hikari.HikariDataSource       : HikariPool-1 - Starting...
2024-12-17T16:03:07.691-03:00  INFO 4219 --- [           main] com.zaxxer.hikari.pool.HikariPool        : HikariPool-1 - Added connection org.postgresql.jdbc.PgConnection@3a589eed
2024-12-17T16:03:07.698-03:00  INFO 4219 --- [           main] com.zaxxer.hikari.HikariDataSource       : HikariPool-1 - Start completed.
2024-12-17T16:03:07.943-03:00  INFO 4219 --- [           main] o.f.c.i.database.base.BaseDatabaseType   : Database: jdbc:postgresql://dpg-ctfvupjgbbvc73dhoi30-a.oregon-postgres.render.com/recruitment_db_vqjr (PostgreSQL 16.4)
2024-12-17T16:03:09.422-03:00  WARN 4219 --- [           main] o.f.c.internal.database.base.Database    : Flyway upgrade recommended: PostgreSQL 16.4 is newer than this version of Flyway and support has not been tested. The latest supported version of PostgreSQL is 15.
2024-12-17T16:03:10.521-03:00  INFO 4219 --- [           main] o.f.core.internal.command.DbValidate     : Successfully validated 1 migration (execution time 00:00.870s)
2024-12-17T16:03:12.872-03:00  INFO 4219 --- [           main] o.f.core.internal.command.DbMigrate      : Current version of schema "public": 1
2024-12-17T16:03:13.064-03:00  INFO 4219 --- [           main] o.f.core.internal.command.DbMigrate      : Schema "public" is up to date. No migration necessary.
2024-12-17T16:03:14.692-03:00  INFO 4219 --- [           main] o.hibernate.jpa.internal.util.LogHelper  : HHH000204: Processing PersistenceUnitInfo [name: default]
2024-12-17T16:03:14.940-03:00  INFO 4219 --- [           main] org.hibernate.Version                    : HHH000412: Hibernate ORM core version 6.2.6.Final
2024-12-17T16:03:14.950-03:00  INFO 4219 --- [           main] org.hibernate.cfg.Environment            : HHH000406: Using bytecode reflection optimizer
2024-12-17T16:03:15.342-03:00  INFO 4219 --- [           main] o.h.b.i.BytecodeProviderInitiator        : HHH000021: Bytecode provider name : bytebuddy
2024-12-17T16:03:15.641-03:00  INFO 4219 --- [           main] o.s.o.j.p.SpringPersistenceUnitInfo      : No LoadTimeWeaver setup: ignoring JPA class transformer
2024-12-17T16:03:16.908-03:00  INFO 4219 --- [           main] o.h.b.i.BytecodeProviderInitiator        : HHH000021: Bytecode provider name : bytebuddy
2024-12-17T16:03:17.830-03:00  INFO 4219 --- [           main] o.h.e.t.j.p.i.JtaPlatformInitiator       : HHH000490: Using JtaPlatform implementation: [org.hibernate.engine.transaction.jta.platform.internal.NoJtaPlatform]
2024-12-17T16:03:19.046-03:00  INFO 4219 --- [           main] j.LocalContainerEntityManagerFactoryBean : Initialized JPA EntityManagerFactory for persistence unit 'default'
2024-12-17T16:03:19.843-03:00  WARN 4219 --- [           main] JpaBaseConfiguration$JpaWebConfiguration : spring.jpa.open-in-view is enabled by default. Therefore, database queries may be performed during view rendering. Explicitly configure spring.jpa.open-in-view to disable this warning
2024-12-17T16:03:20.049-03:00  INFO 4219 --- [           main] o.s.s.web.DefaultSecurityFilterChain     : Will secure any request with [org.springframework.security.web.session.DisableEncodeUrlFilter@4d2bcca8, org.springframework.security.web.context.request.async.WebAsyncManagerIntegrationFilter@4587675c, org.springframework.security.web.context.SecurityContextHolderFilter@118cbb26, org.springframework.security.web.header.HeaderWriterFilter@6d43c881, org.springframework.security.web.authentication.logout.LogoutFilter@10007fdc, com.example.retoCodificacion.filter.JwtAuthenticationFilter@69542112, org.springframework.security.web.savedrequest.RequestCacheAwareFilter@4a5a8c6f, org.springframework.security.web.servletapi.SecurityContextHolderAwareRequestFilter@5e8f0c54, org.springframework.security.web.authentication.AnonymousAuthenticationFilter@31e3b882, org.springframework.security.web.session.SessionManagementFilter@7af4286, org.springframework.security.web.access.ExceptionTranslationFilter@2456716b, org.springframework.security.web.access.intercept.FilterSecurityInterceptor@2d6abfc7]
2024-12-17T16:03:20.905-03:00  INFO 4219 --- [           main] c.e.r.RetoCodificacionApplicationTests   : Started RetoCodificacionApplicationTests in 18.449 seconds (process running for 23.697)
]]></system-out>
  </testcase>
</testsuite>