<?xml version="1.0" encoding="UTF-8"?>
<testsuite xmlns:xsi="http://www.w3.org/2001/XMLSchema-instance" xsi:noNamespaceSchemaLocation="https://maven.apache.org/surefire/maven-surefire-plugin/xsd/surefire-test-report-3.0.xsd" version="3.0" name="com.example.retoCodificacion.AuthControllerTest" time="2.352" tests="1" errors="0" skipped="0" failures="0">
  <properties>
[...]
</properties>
  <testcase name="testAuthRequestSuccess" classname="com.example.retoCodificacion.AuthControllerTest" time="0.174">
    <system-out><![CDATA[2024-12-16T07:00:58.953-03:00  INFO 47979 --- [           main] t.c.s.AnnotationConfigContextLoaderUtils : Could not detect default configuration classes for test class [com.example.retoCodificacion.AuthControllerTest]: AuthControllerTest does not declare any static, non-private, non-final, nested classes annotated with @Configuration.
2024-12-16T07:00:58.995-03:00  INFO 47979 --- [           main] .b.t.c.SpringBootTestContextBootstrapper : Found @SpringBootConfiguration com.example.retoCodificacion.RetoCodificacionApplication for test class com.example.retoCodificacion.AuthControllerTest

  .   ____          _            __ _ _
 /\\ / ___'_ __ _ _(_)_ __  __ _ \ \ \ \
( ( )\___ | '_ | '_| | '_ \/ _` | \ \ \ \
 \\/  ___)| |_)| | | | | || (_| |  ) ) ) )
  '  |____| .__|_| |_|_| |_\__, | / / / /
 =========|_|==============|___/=/_/_/_/
 :: Spring Boot ::                (v3.1.2)

2024-12-16T07:00:59.101-03:00  INFO 47979 --- [           main] c.e.retoCodificacion.AuthControllerTest  : Starting AuthControllerTest using Java 17.0.12 with PID 47979 (started by macbookair in /Users/macbookair/Desktop/retoCodificacion)
2024-12-16T07:00:59.102-03:00  INFO 47979 --- [           main] c.e.retoCodificacion.AuthControllerTest  : No active profile set, falling back to 1 default profile: "default"
2024-12-16T07:00:59.714-03:00  INFO 47979 --- [           main] .s.d.r.c.RepositoryConfigurationDelegate : Bootstrapping Spring Data JPA repositories in DEFAULT mode.
2024-12-16T07:00:59.750-03:00  INFO 47979 --- [           main] .s.d.r.c.RepositoryConfigurationDelegate : Finished Spring Data repository scanning in 35 ms. Found 1 JPA repository interfaces.
2024-12-16T07:01:00.174-03:00  INFO 47979 --- [           main] com.zaxxer.hikari.HikariDataSource       : HikariPool-2 - Starting...
2024-12-16T07:01:00.207-03:00  INFO 47979 --- [           main] com.zaxxer.hikari.pool.HikariPool        : HikariPool-2 - Added connection com.mysql.cj.jdbc.ConnectionImpl@2265a052
2024-12-16T07:01:00.207-03:00  INFO 47979 --- [           main] com.zaxxer.hikari.HikariDataSource       : HikariPool-2 - Start completed.
2024-12-16T07:01:00.209-03:00  INFO 47979 --- [           main] o.f.c.i.database.base.BaseDatabaseType   : Database: jdbc:mysql://localhost:3306/recruitment_db (MySQL 8.0)
2024-12-16T07:01:00.283-03:00  INFO 47979 --- [           main] o.f.core.internal.command.DbValidate     : Successfully validated 1 migration (execution time 00:00.016s)
2024-12-16T07:01:00.300-03:00  INFO 47979 --- [           main] o.f.core.internal.command.DbMigrate      : Current version of schema `recruitment_db`: 1
2024-12-16T07:01:00.302-03:00  INFO 47979 --- [           main] o.f.core.internal.command.DbMigrate      : Schema `recruitment_db` is up to date. No migration necessary.
2024-12-16T07:01:00.353-03:00  INFO 47979 --- [           main] o.hibernate.jpa.internal.util.LogHelper  : HHH000204: Processing PersistenceUnitInfo [name: default]
2024-12-16T07:01:00.367-03:00  INFO 47979 --- [           main] o.h.b.i.BytecodeProviderInitiator        : HHH000021: Bytecode provider name : bytebuddy
2024-12-16T07:01:00.367-03:00  INFO 47979 --- [           main] o.s.o.j.p.SpringPersistenceUnitInfo      : No LoadTimeWeaver setup: ignoring JPA class transformer
2024-12-16T07:01:00.369-03:00  WARN 47979 --- [           main] org.hibernate.orm.deprecation            : HHH90000026: MySQL8Dialect has been deprecated; use org.hibernate.dialect.MySQLDialect instead
2024-12-16T07:01:00.385-03:00  INFO 47979 --- [           main] o.h.b.i.BytecodeProviderInitiator        : HHH000021: Bytecode provider name : bytebuddy
2024-12-16T07:01:00.430-03:00  INFO 47979 --- [           main] o.h.e.t.j.p.i.JtaPlatformInitiator       : HHH000490: Using JtaPlatform implementation: [org.hibernate.engine.transaction.jta.platform.internal.NoJtaPlatform]
2024-12-16T07:01:00.545-03:00  INFO 47979 --- [           main] j.LocalContainerEntityManagerFactoryBean : Initialized JPA EntityManagerFactory for persistence unit 'default'
2024-12-16T07:01:00.744-03:00  WARN 47979 --- [           main] JpaBaseConfiguration$JpaWebConfiguration : spring.jpa.open-in-view is enabled by default. Therefore, database queries may be performed during view rendering. Explicitly configure spring.jpa.open-in-view to disable this warning
2024-12-16T07:01:00.788-03:00  INFO 47979 --- [           main] o.s.s.web.DefaultSecurityFilterChain     : Will secure any request with [org.springframework.security.web.session.DisableEncodeUrlFilter@4f355321, org.springframework.security.web.context.request.async.WebAsyncManagerIntegrationFilter@260d878a, org.springframework.security.web.context.SecurityContextHolderFilter@54422189, org.springframework.security.web.header.HeaderWriterFilter@6a53cddc, org.springframework.security.web.authentication.logout.LogoutFilter@62ee32c6, com.example.retoCodificacion.filter.JwtAuthenticationFilter@6e057374, org.springframework.security.web.savedrequest.RequestCacheAwareFilter@5f7cc6fd, org.springframework.security.web.servletapi.SecurityContextHolderAwareRequestFilter@2b35dde3, org.springframework.security.web.authentication.AnonymousAuthenticationFilter@13190355, org.springframework.security.web.session.SessionManagementFilter@1e7245da, org.springframework.security.web.access.ExceptionTranslationFilter@cf0e8b4, org.springframework.security.web.access.intercept.FilterSecurityInterceptor@1263d20d]
2024-12-16T07:01:01.082-03:00  INFO 47979 --- [           main] o.s.b.t.m.w.SpringBootMockServletContext : Initializing Spring TestDispatcherServlet ''
2024-12-16T07:01:01.082-03:00  INFO 47979 --- [           main] o.s.t.web.servlet.TestDispatcherServlet  : Initializing Servlet ''
2024-12-16T07:01:01.084-03:00  INFO 47979 --- [           main] o.s.t.web.servlet.TestDispatcherServlet  : Completed initialization in 2 ms
2024-12-16T07:01:01.107-03:00  INFO 47979 --- [           main] c.e.retoCodificacion.AuthControllerTest  : Started AuthControllerTest in 2.099 seconds (process running for 17.344)
2024-12-16T07:01:01.183-03:00  INFO 47979 --- [           main] c.e.r.controller.AuthController          : AuthResource.authRequest start AuthRequestDto[userName=testuser, password=testpassword]
2024-12-16T07:01:01.189-03:00  INFO 47979 --- [           main] c.e.r.controller.AuthController          : AuthResource.authRequest end {token=dummy-token}
]]></system-out>
  </testcase>
</testsuite>